  [1m[36m (0.2ms)[0m  [1mselect sqlite_version(*)[0m
  [1m[35m (2.0ms)[0m  CREATE TABLE "schema_migrations" ("version" varchar(255) NOT NULL) 
  [1m[36m (0.0ms)[0m  [1mPRAGMA index_list("schema_migrations")[0m
  [1m[35m (1.7ms)[0m  CREATE UNIQUE INDEX "unique_schema_migrations" ON "schema_migrations" ("version")
  [1m[36m (0.1ms)[0m  [1mSELECT "schema_migrations"."version" FROM "schema_migrations" [0m
Migrating to CreateUsers (20120307232249)
  [1m[35m (0.0ms)[0m  begin transaction
  [1m[36m (0.4ms)[0m  [1mCREATE TABLE "users" ("id" INTEGER PRIMARY KEY AUTOINCREMENT NOT NULL, "name" varchar(255), "email" varchar(255), "created_at" datetime NOT NULL, "updated_at" datetime NOT NULL) [0m
  [1m[35m (0.2ms)[0m  INSERT INTO "schema_migrations" ("version") VALUES ('20120307232249')
  [1m[36m (2.2ms)[0m  [1mcommit transaction[0m
  [1m[35m (0.3ms)[0m  select sqlite_version(*)
  [1m[36m (0.1ms)[0m  [1mSELECT "schema_migrations"."version" FROM "schema_migrations" [0m
  [1m[35m (0.0ms)[0m  PRAGMA index_list("users")


Started GET "/assets/rails.png" for 127.0.0.1 at 2012-03-07 16:26:33 -0700
Served asset /rails.png - 200 OK (5ms)


Started GET "/users/new" for 127.0.0.1 at 2012-03-07 16:27:30 -0700
Processing by UsersController#new as HTML
  Rendered users/_form.html.erb (48.1ms)
  Rendered users/new.html.erb within layouts/application (53.4ms)
Compiled scaffolds.css  (44ms)  (pid 804)
Compiled users.css  (1ms)  (pid 804)
Compiled application.css  (58ms)  (pid 804)
Compiled jquery.js  (3ms)  (pid 804)
Compiled jquery_ujs.js  (0ms)  (pid 804)
Compiled users.js  (138ms)  (pid 804)
Compiled application.js  (210ms)  (pid 804)
Completed 200 OK in 394ms (Views: 386.7ms | ActiveRecord: 0.0ms)


Started GET "/assets/application.css?body=1" for 127.0.0.1 at 2012-03-07 16:27:30 -0700
Served asset /application.css - 200 OK (30ms)


Started GET "/assets/scaffolds.css?body=1" for 127.0.0.1 at 2012-03-07 16:27:30 -0700
Served asset /scaffolds.css - 200 OK (1ms)


Started GET "/assets/users.css?body=1" for 127.0.0.1 at 2012-03-07 16:27:30 -0700
Served asset /users.css - 200 OK (1ms)


Started GET "/assets/jquery.js?body=1" for 127.0.0.1 at 2012-03-07 16:27:30 -0700
Served asset /jquery.js - 200 OK (3ms)


Started GET "/assets/jquery_ujs.js?body=1" for 127.0.0.1 at 2012-03-07 16:27:30 -0700
Served asset /jquery_ujs.js - 200 OK (1ms)


Started GET "/assets/application.js?body=1" for 127.0.0.1 at 2012-03-07 16:27:30 -0700
Served asset /application.js - 200 OK (25ms)


Started GET "/assets/users.js?body=1" for 127.0.0.1 at 2012-03-07 16:27:30 -0700
Served asset /users.js - 200 OK (1ms)


Started POST "/users" for 127.0.0.1 at 2012-03-07 16:27:55 -0700
Processing by UsersController#create as HTML
  Parameters: {"utf8"=>"✓", "authenticity_token"=>"DTU5CaaPAA5237/eR9PDs1lCLr6bTxEJNGJmyuX94bg=", "user"=>{"name"=>"Samuel Barthelemy", "email"=>"samuelbarthelemy@gmail.com"}, "commit"=>"Create User"}
  [1m[36m (0.1ms)[0m  [1mbegin transaction[0m
  [1m[35mSQL (38.2ms)[0m  INSERT INTO "users" ("created_at", "email", "name", "updated_at") VALUES (?, ?, ?, ?)  [["created_at", Wed, 07 Mar 2012 23:27:55 UTC +00:00], ["email", "samuelbarthelemy@gmail.com"], ["name", "Samuel Barthelemy"], ["updated_at", Wed, 07 Mar 2012 23:27:55 UTC +00:00]]
  [1m[36m (2.5ms)[0m  [1mcommit transaction[0m
Redirected to http://localhost:3000/users/1
Completed 302 Found in 46ms (ActiveRecord: 40.8ms)


Started GET "/users/1" for 127.0.0.1 at 2012-03-07 16:27:55 -0700
Processing by UsersController#show as HTML
  Parameters: {"id"=>"1"}
  [1m[35mUser Load (0.2ms)[0m  SELECT "users".* FROM "users" WHERE "users"."id" = ? LIMIT 1  [["id", "1"]]
  Rendered users/show.html.erb within layouts/application (1.8ms)
Completed 200 OK in 10ms (Views: 7.5ms | ActiveRecord: 0.2ms)


Started GET "/users/new" for 127.0.0.1 at 2012-03-07 16:28:00 -0700
Processing by UsersController#new as HTML
  Rendered users/_form.html.erb (2.5ms)
  Rendered users/new.html.erb within layouts/application (3.4ms)
Completed 200 OK in 8ms (Views: 7.4ms | ActiveRecord: 0.0ms)


Started GET "/assets/scaffolds.css?body=1" for 127.0.0.1 at 2012-03-07 16:28:00 -0700
Served asset /scaffolds.css - 304 Not Modified (0ms)


Started GET "/assets/users.js?body=1" for 127.0.0.1 at 2012-03-07 16:28:00 -0700
Served asset /users.js - 304 Not Modified (0ms)


Started GET "/assets/users.css?body=1" for 127.0.0.1 at 2012-03-07 16:28:00 -0700
Served asset /users.css - 304 Not Modified (0ms)


Started POST "/users" for 127.0.0.1 at 2012-03-07 16:28:11 -0700
Processing by UsersController#create as HTML
  Parameters: {"utf8"=>"✓", "authenticity_token"=>"DTU5CaaPAA5237/eR9PDs1lCLr6bTxEJNGJmyuX94bg=", "user"=>{"name"=>"Tasha Barthelemy", "email"=>"tashabarthelemy@gmail.com"}, "commit"=>"Create User"}
  [1m[36m (0.1ms)[0m  [1mbegin transaction[0m
  [1m[35mSQL (0.5ms)[0m  INSERT INTO "users" ("created_at", "email", "name", "updated_at") VALUES (?, ?, ?, ?)  [["created_at", Wed, 07 Mar 2012 23:28:11 UTC +00:00], ["email", "tashabarthelemy@gmail.com"], ["name", "Tasha Barthelemy"], ["updated_at", Wed, 07 Mar 2012 23:28:11 UTC +00:00]]
  [1m[36m (87.9ms)[0m  [1mcommit transaction[0m
Redirected to http://localhost:3000/users/2
Completed 302 Found in 92ms (ActiveRecord: 88.6ms)


Started GET "/users/2" for 127.0.0.1 at 2012-03-07 16:28:11 -0700
Processing by UsersController#show as HTML
  Parameters: {"id"=>"2"}
  [1m[35mUser Load (0.2ms)[0m  SELECT "users".* FROM "users" WHERE "users"."id" = ? LIMIT 1  [["id", "2"]]
  Rendered users/show.html.erb within layouts/application (0.6ms)
Completed 200 OK in 5ms (Views: 4.3ms | ActiveRecord: 0.2ms)


Started GET "/assets/scaffolds.css?body=1" for 127.0.0.1 at 2012-03-07 16:28:11 -0700
Served asset /scaffolds.css - 304 Not Modified (0ms)


Started GET "/assets/users.css?body=1" for 127.0.0.1 at 2012-03-07 16:28:11 -0700
Served asset /users.css - 304 Not Modified (0ms)


Started GET "/assets/users.js?body=1" for 127.0.0.1 at 2012-03-07 16:28:11 -0700
Served asset /users.js - 304 Not Modified (0ms)


Started GET "/users" for 127.0.0.1 at 2012-03-07 16:28:27 -0700
Processing by UsersController#index as HTML
  [1m[36mUser Load (0.2ms)[0m  [1mSELECT "users".* FROM "users" [0m
  Rendered users/index.html.erb within layouts/application (2.4ms)
Completed 200 OK in 9ms (Views: 7.8ms | ActiveRecord: 0.2ms)


Started GET "/assets/scaffolds.css?body=1" for 127.0.0.1 at 2012-03-07 16:28:27 -0700
Served asset /scaffolds.css - 304 Not Modified (0ms)


Started GET "/assets/users.css?body=1" for 127.0.0.1 at 2012-03-07 16:28:27 -0700
Served asset /users.css - 304 Not Modified (0ms)


Started GET "/assets/users.js?body=1" for 127.0.0.1 at 2012-03-07 16:28:27 -0700
Served asset /users.js - 304 Not Modified (0ms)
  [1m[36m (0.1ms)[0m  [1mSELECT "schema_migrations"."version" FROM "schema_migrations" [0m
Migrating to CreateUsers (20120307232249)
Migrating to CreateMicroposts (20120307233542)
  [1m[35m (0.0ms)[0m  select sqlite_version(*)
  [1m[36m (0.0ms)[0m  [1mbegin transaction[0m
  [1m[35m (0.4ms)[0m  CREATE TABLE "microposts" ("id" INTEGER PRIMARY KEY AUTOINCREMENT NOT NULL, "content" varchar(255), "user_id" integer, "created_at" datetime NOT NULL, "updated_at" datetime NOT NULL) 
  [1m[36m (0.1ms)[0m  [1mINSERT INTO "schema_migrations" ("version") VALUES ('20120307233542')[0m
  [1m[35m (6.2ms)[0m  commit transaction
  [1m[36m (0.4ms)[0m  [1mselect sqlite_version(*)[0m
  [1m[35m (0.1ms)[0m  SELECT "schema_migrations"."version" FROM "schema_migrations" 
  [1m[36m (0.0ms)[0m  [1mPRAGMA index_list("microposts")[0m
  [1m[35m (0.1ms)[0m  PRAGMA index_list("users")


Started GET "/microposts" for 127.0.0.1 at 2012-03-07 16:37:50 -0700
Processing by MicropostsController#index as HTML
  [1m[36mMicropost Load (0.1ms)[0m  [1mSELECT "microposts".* FROM "microposts" [0m
  Rendered microposts/index.html.erb within layouts/application (1.9ms)
Compiled microposts.css  (3ms)  (pid 813)
Compiled application.css  (9ms)  (pid 813)
Compiled microposts.js  (61ms)  (pid 813)
Compiled application.js  (70ms)  (pid 813)
Completed 200 OK in 131ms (Views: 129.4ms | ActiveRecord: 0.1ms)


Started GET "/assets/application.css?body=1" for 127.0.0.1 at 2012-03-07 16:37:50 -0700
Served asset /application.css - 304 Not Modified (29ms)


Started GET "/assets/microposts.css?body=1" for 127.0.0.1 at 2012-03-07 16:37:50 -0700
Served asset /microposts.css - 200 OK (1ms)


Started GET "/assets/scaffolds.css?body=1" for 127.0.0.1 at 2012-03-07 16:37:50 -0700
Served asset /scaffolds.css - 304 Not Modified (1ms)


Started GET "/assets/microposts.js?body=1" for 127.0.0.1 at 2012-03-07 16:37:50 -0700
Served asset /microposts.js - 200 OK (1ms)


Started GET "/assets/users.css?body=1" for 127.0.0.1 at 2012-03-07 16:37:50 -0700
Served asset /users.css - 304 Not Modified (1ms)


Started GET "/assets/users.js?body=1" for 127.0.0.1 at 2012-03-07 16:37:50 -0700
Served asset /users.js - 304 Not Modified (1ms)


Started GET "/assets/application.js?body=1" for 127.0.0.1 at 2012-03-07 16:37:50 -0700
Served asset /application.js - 304 Not Modified (5ms)


Started GET "/microposts/new" for 127.0.0.1 at 2012-03-07 16:37:54 -0700
Processing by MicropostsController#new as HTML
  Rendered microposts/_form.html.erb (9.1ms)
  Rendered microposts/new.html.erb within layouts/application (12.8ms)
Completed 200 OK in 43ms (Views: 35.7ms | ActiveRecord: 0.0ms)


Started GET "/assets/application.css?body=1" for 127.0.0.1 at 2012-03-07 16:37:54 -0700
Served asset /application.css - 304 Not Modified (0ms)


Started GET "/assets/scaffolds.css?body=1" for 127.0.0.1 at 2012-03-07 16:37:54 -0700
Served asset /scaffolds.css - 304 Not Modified (0ms)


Started GET "/assets/users.js?body=1" for 127.0.0.1 at 2012-03-07 16:37:54 -0700
Served asset /users.js - 304 Not Modified (0ms)


Started GET "/assets/application.js?body=1" for 127.0.0.1 at 2012-03-07 16:37:54 -0700
Served asset /application.js - 304 Not Modified (0ms)


Started GET "/assets/users.css?body=1" for 127.0.0.1 at 2012-03-07 16:37:54 -0700
Served asset /users.css - 304 Not Modified (0ms)


Started POST "/microposts" for 127.0.0.1 at 2012-03-07 16:38:08 -0700
Processing by MicropostsController#create as HTML
  Parameters: {"utf8"=>"✓", "authenticity_token"=>"DTU5CaaPAA5237/eR9PDs1lCLr6bTxEJNGJmyuX94bg=", "micropost"=>{"content"=>"Hello my name is samuel", "user_id"=>"1"}, "commit"=>"Create Micropost"}
  [1m[35m (0.1ms)[0m  begin transaction
  [1m[36mSQL (5.5ms)[0m  [1mINSERT INTO "microposts" ("content", "created_at", "updated_at", "user_id") VALUES (?, ?, ?, ?)[0m  [["content", "Hello my name is samuel"], ["created_at", Wed, 07 Mar 2012 23:38:08 UTC +00:00], ["updated_at", Wed, 07 Mar 2012 23:38:08 UTC +00:00], ["user_id", 1]]
  [1m[35m (5.5ms)[0m  commit transaction
Redirected to http://localhost:3000/microposts/1
Completed 302 Found in 16ms (ActiveRecord: 11.1ms)


Started GET "/microposts/1" for 127.0.0.1 at 2012-03-07 16:38:08 -0700
Processing by MicropostsController#show as HTML
  Parameters: {"id"=>"1"}
  [1m[36mMicropost Load (0.2ms)[0m  [1mSELECT "microposts".* FROM "microposts" WHERE "microposts"."id" = ? LIMIT 1[0m  [["id", "1"]]
  Rendered microposts/show.html.erb within layouts/application (1.1ms)
Completed 200 OK in 8ms (Views: 5.5ms | ActiveRecord: 0.2ms)


Started GET "/assets/application.css?body=1" for 127.0.0.1 at 2012-03-07 16:38:08 -0700
Served asset /application.css - 304 Not Modified (0ms)


Started GET "/assets/microposts.css?body=1" for 127.0.0.1 at 2012-03-07 16:38:08 -0700
Served asset /microposts.css - 304 Not Modified (0ms)


Started GET "/assets/users.css?body=1" for 127.0.0.1 at 2012-03-07 16:38:08 -0700
Served asset /users.css - 304 Not Modified (0ms)


Started GET "/assets/users.js?body=1" for 127.0.0.1 at 2012-03-07 16:38:08 -0700
Served asset /users.js - 304 Not Modified (0ms)


Started GET "/assets/microposts.js?body=1" for 127.0.0.1 at 2012-03-07 16:38:08 -0700
Served asset /microposts.js - 304 Not Modified (0ms)


Started GET "/assets/scaffolds.css?body=1" for 127.0.0.1 at 2012-03-07 16:38:08 -0700
Served asset /scaffolds.css - 304 Not Modified (0ms)


Started GET "/assets/application.js?body=1" for 127.0.0.1 at 2012-03-07 16:38:08 -0700
Served asset /application.js - 304 Not Modified (0ms)


Started GET "/microposts" for 127.0.0.1 at 2012-03-07 16:38:12 -0700
Processing by MicropostsController#index as HTML
  [1m[35mMicropost Load (0.2ms)[0m  SELECT "microposts".* FROM "microposts" 
  Rendered microposts/index.html.erb within layouts/application (1.0ms)
Completed 200 OK in 8ms (Views: 7.4ms | ActiveRecord: 0.2ms)


Started GET "/assets/application.css?body=1" for 127.0.0.1 at 2012-03-07 16:38:12 -0700
Served asset /application.css - 304 Not Modified (0ms)


Started GET "/assets/users.css?body=1" for 127.0.0.1 at 2012-03-07 16:38:12 -0700
Served asset /users.css - 304 Not Modified (0ms)


Started GET "/assets/microposts.css?body=1" for 127.0.0.1 at 2012-03-07 16:38:12 -0700
Served asset /microposts.css - 304 Not Modified (0ms)


Started GET "/assets/microposts.js?body=1" for 127.0.0.1 at 2012-03-07 16:38:12 -0700
Served asset /microposts.js - 304 Not Modified (0ms)


Started GET "/assets/scaffolds.css?body=1" for 127.0.0.1 at 2012-03-07 16:38:12 -0700
Served asset /scaffolds.css - 304 Not Modified (0ms)


Started GET "/assets/users.js?body=1" for 127.0.0.1 at 2012-03-07 16:38:12 -0700
Served asset /users.js - 304 Not Modified (0ms)


Started GET "/assets/application.js?body=1" for 127.0.0.1 at 2012-03-07 16:38:12 -0700
Served asset /application.js - 304 Not Modified (0ms)


Started GET "/microposts/new" for 127.0.0.1 at 2012-03-07 16:38:18 -0700
Processing by MicropostsController#new as HTML
  Rendered microposts/_form.html.erb (1.8ms)
  Rendered microposts/new.html.erb within layouts/application (2.5ms)
Completed 200 OK in 8ms (Views: 8.0ms | ActiveRecord: 0.0ms)


Started GET "/assets/application.css?body=1" for 127.0.0.1 at 2012-03-07 16:38:18 -0700
Served asset /application.css - 304 Not Modified (0ms)


Started GET "/assets/scaffolds.css?body=1" for 127.0.0.1 at 2012-03-07 16:38:18 -0700
Served asset /scaffolds.css - 304 Not Modified (0ms)


Started GET "/assets/microposts.css?body=1" for 127.0.0.1 at 2012-03-07 16:38:18 -0700
Served asset /microposts.css - 304 Not Modified (0ms)


Started GET "/assets/users.css?body=1" for 127.0.0.1 at 2012-03-07 16:38:18 -0700
Served asset /users.css - 304 Not Modified (0ms)


Started GET "/assets/microposts.js?body=1" for 127.0.0.1 at 2012-03-07 16:38:18 -0700
Served asset /microposts.js - 304 Not Modified (0ms)


Started GET "/assets/users.js?body=1" for 127.0.0.1 at 2012-03-07 16:38:18 -0700
Served asset /users.js - 304 Not Modified (0ms)


Started GET "/assets/application.js?body=1" for 127.0.0.1 at 2012-03-07 16:38:18 -0700
Served asset /application.js - 304 Not Modified (0ms)


Started POST "/microposts" for 127.0.0.1 at 2012-03-07 16:38:27 -0700
Processing by MicropostsController#create as HTML
  Parameters: {"utf8"=>"✓", "authenticity_token"=>"DTU5CaaPAA5237/eR9PDs1lCLr6bTxEJNGJmyuX94bg=", "micropost"=>{"content"=>"Hello my name is tasha", "user_id"=>"2"}, "commit"=>"Create Micropost"}
  [1m[36m (0.1ms)[0m  [1mbegin transaction[0m
  [1m[35mSQL (0.5ms)[0m  INSERT INTO "microposts" ("content", "created_at", "updated_at", "user_id") VALUES (?, ?, ?, ?)  [["content", "Hello my name is tasha"], ["created_at", Wed, 07 Mar 2012 23:38:27 UTC +00:00], ["updated_at", Wed, 07 Mar 2012 23:38:27 UTC +00:00], ["user_id", 2]]
  [1m[36m (5.4ms)[0m  [1mcommit transaction[0m
Redirected to http://localhost:3000/microposts/2
Completed 302 Found in 9ms (ActiveRecord: 6.0ms)


Started GET "/microposts/2" for 127.0.0.1 at 2012-03-07 16:38:27 -0700
Processing by MicropostsController#show as HTML
  Parameters: {"id"=>"2"}
  [1m[35mMicropost Load (0.1ms)[0m  SELECT "microposts".* FROM "microposts" WHERE "microposts"."id" = ? LIMIT 1  [["id", "2"]]
  Rendered microposts/show.html.erb within layouts/application (0.7ms)
Completed 200 OK in 8ms (Views: 6.7ms | ActiveRecord: 0.1ms)


Started GET "/assets/application.css?body=1" for 127.0.0.1 at 2012-03-07 16:38:27 -0700
Served asset /application.css - 304 Not Modified (0ms)


Started GET "/assets/microposts.js?body=1" for 127.0.0.1 at 2012-03-07 16:38:27 -0700
Served asset /microposts.js - 304 Not Modified (0ms)


Started GET "/assets/scaffolds.css?body=1" for 127.0.0.1 at 2012-03-07 16:38:27 -0700
Served asset /scaffolds.css - 304 Not Modified (0ms)


Started GET "/assets/users.js?body=1" for 127.0.0.1 at 2012-03-07 16:38:27 -0700
Served asset /users.js - 304 Not Modified (0ms)


Started GET "/assets/users.css?body=1" for 127.0.0.1 at 2012-03-07 16:38:27 -0700
Served asset /users.css - 304 Not Modified (0ms)


Started GET "/assets/microposts.css?body=1" for 127.0.0.1 at 2012-03-07 16:38:27 -0700
Served asset /microposts.css - 304 Not Modified (0ms)


Started GET "/assets/application.js?body=1" for 127.0.0.1 at 2012-03-07 16:38:27 -0700
Served asset /application.js - 304 Not Modified (0ms)


Started GET "/microposts" for 127.0.0.1 at 2012-03-07 16:38:29 -0700
Processing by MicropostsController#index as HTML
  [1m[36mMicropost Load (0.2ms)[0m  [1mSELECT "microposts".* FROM "microposts" [0m
  Rendered microposts/index.html.erb within layouts/application (2.0ms)
Completed 200 OK in 36ms (Views: 35.4ms | ActiveRecord: 0.2ms)


Started GET "/assets/application.css?body=1" for 127.0.0.1 at 2012-03-07 16:38:29 -0700
Served asset /application.css - 304 Not Modified (0ms)


Started GET "/assets/scaffolds.css?body=1" for 127.0.0.1 at 2012-03-07 16:38:29 -0700
Served asset /scaffolds.css - 304 Not Modified (0ms)


Started GET "/assets/users.css?body=1" for 127.0.0.1 at 2012-03-07 16:38:29 -0700
Served asset /users.css - 304 Not Modified (0ms)


Started GET "/assets/microposts.css?body=1" for 127.0.0.1 at 2012-03-07 16:38:29 -0700
Served asset /microposts.css - 304 Not Modified (0ms)


Started GET "/assets/microposts.js?body=1" for 127.0.0.1 at 2012-03-07 16:38:29 -0700
Served asset /microposts.js - 304 Not Modified (0ms)


Started GET "/assets/users.js?body=1" for 127.0.0.1 at 2012-03-07 16:38:29 -0700
Served asset /users.js - 304 Not Modified (0ms)


Started GET "/assets/application.js?body=1" for 127.0.0.1 at 2012-03-07 16:38:29 -0700
Served asset /application.js - 304 Not Modified (0ms)


Started GET "/microposts/new" for 127.0.0.1 at 2012-03-07 16:42:16 -0700
Processing by MicropostsController#new as HTML
  Rendered microposts/_form.html.erb (6.0ms)
  Rendered microposts/new.html.erb within layouts/application (9.7ms)
Completed 200 OK in 55ms (Views: 50.7ms | ActiveRecord: 0.0ms)


Started GET "/assets/users.css?body=1" for 127.0.0.1 at 2012-03-07 16:42:16 -0700
Served asset /users.css - 304 Not Modified (2ms)


Started GET "/assets/microposts.js?body=1" for 127.0.0.1 at 2012-03-07 16:42:16 -0700
Served asset /microposts.js - 304 Not Modified (2ms)


Started GET "/assets/scaffolds.css?body=1" for 127.0.0.1 at 2012-03-07 16:42:16 -0700
Served asset /scaffolds.css - 304 Not Modified (1ms)


Started GET "/assets/application.css?body=1" for 127.0.0.1 at 2012-03-07 16:42:16 -0700
Served asset /application.css - 304 Not Modified (5ms)


Started GET "/assets/microposts.css?body=1" for 127.0.0.1 at 2012-03-07 16:42:17 -0700
Served asset /microposts.css - 304 Not Modified (1ms)


Started GET "/assets/users.js?body=1" for 127.0.0.1 at 2012-03-07 16:42:17 -0700
Served asset /users.js - 304 Not Modified (1ms)


Started GET "/assets/application.js?body=1" for 127.0.0.1 at 2012-03-07 16:42:17 -0700
Served asset /application.js - 304 Not Modified (5ms)


Started POST "/microposts" for 127.0.0.1 at 2012-03-07 16:42:32 -0700
Processing by MicropostsController#create as HTML
  Parameters: {"utf8"=>"✓", "authenticity_token"=>"DTU5CaaPAA5237/eR9PDs1lCLr6bTxEJNGJmyuX94bg=", "micropost"=>{"content"=>"kdskkskssksdkalskdjlfkjdlfkjdsflkj dlkjfdlksjdflkdsj ldskfj sdlkfjdslk fjsdlkfj sldfkjsdlf kjdsf lkdsjflkdsjfldsk fj", "user_id"=>"1"}, "commit"=>"Create Micropost"}
  [1m[36m (0.1ms)[0m  [1mbegin transaction[0m
  [1m[35mSQL (21.2ms)[0m  INSERT INTO "microposts" ("content", "created_at", "updated_at", "user_id") VALUES (?, ?, ?, ?)  [["content", "kdskkskssksdkalskdjlfkjdlfkjdsflkj dlkjfdlksjdflkdsj ldskfj sdlkfjdslk fjsdlkfj sldfkjsdlf kjdsf lkdsjflkdsjfldsk fj"], ["created_at", Wed, 07 Mar 2012 23:42:32 UTC +00:00], ["updated_at", Wed, 07 Mar 2012 23:42:32 UTC +00:00], ["user_id", 1]]
  [1m[36m (12.5ms)[0m  [1mcommit transaction[0m
Redirected to http://localhost:3000/microposts/3
Completed 302 Found in 38ms (ActiveRecord: 33.8ms)


Started GET "/microposts/3" for 127.0.0.1 at 2012-03-07 16:42:32 -0700
Processing by MicropostsController#show as HTML
  Parameters: {"id"=>"3"}
  [1m[35mMicropost Load (0.2ms)[0m  SELECT "microposts".* FROM "microposts" WHERE "microposts"."id" = ? LIMIT 1  [["id", "3"]]
  Rendered microposts/show.html.erb within layouts/application (1.1ms)
Completed 200 OK in 7ms (Views: 5.2ms | ActiveRecord: 0.2ms)


Started GET "/assets/application.css?body=1" for 127.0.0.1 at 2012-03-07 16:42:32 -0700
Served asset /application.css - 304 Not Modified (0ms)


Started GET "/assets/scaffolds.css?body=1" for 127.0.0.1 at 2012-03-07 16:42:32 -0700
Served asset /scaffolds.css - 304 Not Modified (0ms)


Started GET "/assets/microposts.css?body=1" for 127.0.0.1 at 2012-03-07 16:42:32 -0700
Served asset /microposts.css - 304 Not Modified (0ms)


Started GET "/assets/microposts.js?body=1" for 127.0.0.1 at 2012-03-07 16:42:32 -0700
Served asset /microposts.js - 304 Not Modified (0ms)


Started GET "/assets/users.js?body=1" for 127.0.0.1 at 2012-03-07 16:42:32 -0700
Served asset /users.js - 304 Not Modified (0ms)


Started GET "/assets/users.css?body=1" for 127.0.0.1 at 2012-03-07 16:42:32 -0700
Served asset /users.css - 304 Not Modified (0ms)


Started GET "/assets/application.js?body=1" for 127.0.0.1 at 2012-03-07 16:42:32 -0700
Served asset /application.js - 304 Not Modified (0ms)


Started GET "/microposts" for 127.0.0.1 at 2012-03-07 16:42:35 -0700
Processing by MicropostsController#index as HTML
  [1m[36mMicropost Load (0.2ms)[0m  [1mSELECT "microposts".* FROM "microposts" [0m
  Rendered microposts/index.html.erb within layouts/application (4.9ms)
Completed 200 OK in 13ms (Views: 12.0ms | ActiveRecord: 0.2ms)


Started GET "/assets/application.css?body=1" for 127.0.0.1 at 2012-03-07 16:42:35 -0700
Served asset /application.css - 304 Not Modified (0ms)


Started GET "/assets/microposts.css?body=1" for 127.0.0.1 at 2012-03-07 16:42:35 -0700
Served asset /microposts.css - 304 Not Modified (0ms)


Started GET "/assets/scaffolds.css?body=1" for 127.0.0.1 at 2012-03-07 16:42:35 -0700
Served asset /scaffolds.css - 304 Not Modified (0ms)


Started GET "/assets/microposts.js?body=1" for 127.0.0.1 at 2012-03-07 16:42:35 -0700
Served asset /microposts.js - 304 Not Modified (0ms)


Started GET "/assets/users.css?body=1" for 127.0.0.1 at 2012-03-07 16:42:35 -0700
Served asset /users.css - 304 Not Modified (0ms)


Started GET "/assets/application.js?body=1" for 127.0.0.1 at 2012-03-07 16:42:35 -0700
Served asset /application.js - 304 Not Modified (0ms)


Started GET "/assets/users.js?body=1" for 127.0.0.1 at 2012-03-07 16:42:35 -0700
Served asset /users.js - 304 Not Modified (0ms)


Started GET "/microposts/new" for 127.0.0.1 at 2012-03-07 16:42:40 -0700
Processing by MicropostsController#new as HTML
  Rendered microposts/_form.html.erb (3.1ms)
  Rendered microposts/new.html.erb within layouts/application (4.0ms)
Completed 200 OK in 10ms (Views: 9.2ms | ActiveRecord: 0.0ms)


Started GET "/assets/microposts.css?body=1" for 127.0.0.1 at 2012-03-07 16:42:40 -0700
Served asset /microposts.css - 304 Not Modified (0ms)


Started GET "/assets/users.css?body=1" for 127.0.0.1 at 2012-03-07 16:42:40 -0700
Served asset /users.css - 304 Not Modified (0ms)


Started GET "/assets/application.css?body=1" for 127.0.0.1 at 2012-03-07 16:42:40 -0700
Served asset /application.css - 304 Not Modified (0ms)


Started GET "/assets/scaffolds.css?body=1" for 127.0.0.1 at 2012-03-07 16:42:40 -0700
Served asset /scaffolds.css - 304 Not Modified (0ms)


Started GET "/assets/microposts.js?body=1" for 127.0.0.1 at 2012-03-07 16:42:40 -0700
Served asset /microposts.js - 304 Not Modified (0ms)


Started GET "/assets/application.js?body=1" for 127.0.0.1 at 2012-03-07 16:42:40 -0700
Served asset /application.js - 304 Not Modified (0ms)


Started GET "/assets/users.js?body=1" for 127.0.0.1 at 2012-03-07 16:42:40 -0700
Served asset /users.js - 304 Not Modified (0ms)


Started POST "/microposts" for 127.0.0.1 at 2012-03-07 16:42:57 -0700
Processing by MicropostsController#create as HTML
  Parameters: {"utf8"=>"✓", "authenticity_token"=>"DTU5CaaPAA5237/eR9PDs1lCLr6bTxEJNGJmyuX94bg=", "micropost"=>{"content"=>"saldkjsadlkas lkfjdaslkdjslkdjsaldk jsadlkjsa lkdjsalk jdaslkd jsaldkjsalkd jsaldk jsa dlkj aslkdjaslkdjslkjdlaskjdl kdjslak jsldkjaslkdjsalkjdsalkdjsl kjdlskjdlaskjdlsakjdsl kjdlksjdlakjdlsakdjslk jdlksjlakjdlkjsdlkjsldkajsdlksajdlaksjdslakdjsalkdjasldkjsaldkjasdlkjs ldkjsalkdjaslkdjaslkdjsalkdj", "user_id"=>"2"}, "commit"=>"Create Micropost"}
  [1m[35m (0.1ms)[0m  begin transaction
  [1m[36m (0.0ms)[0m  [1mrollback transaction[0m
  Rendered microposts/_form.html.erb (2.6ms)
  Rendered microposts/new.html.erb within layouts/application (3.4ms)
Completed 200 OK in 10ms (Views: 8.2ms | ActiveRecord: 0.1ms)


Started GET "/assets/application.css?body=1" for 127.0.0.1 at 2012-03-07 16:42:57 -0700
Served asset /application.css - 304 Not Modified (0ms)


Started GET "/assets/scaffolds.css?body=1" for 127.0.0.1 at 2012-03-07 16:42:57 -0700
Served asset /scaffolds.css - 304 Not Modified (0ms)


Started GET "/assets/users.js?body=1" for 127.0.0.1 at 2012-03-07 16:42:57 -0700
Served asset /users.js - 304 Not Modified (0ms)


Started GET "/assets/users.css?body=1" for 127.0.0.1 at 2012-03-07 16:42:57 -0700
Served asset /users.css - 304 Not Modified (0ms)


Started GET "/assets/microposts.js?body=1" for 127.0.0.1 at 2012-03-07 16:42:57 -0700
Served asset /microposts.js - 304 Not Modified (0ms)


Started GET "/assets/microposts.css?body=1" for 127.0.0.1 at 2012-03-07 16:42:57 -0700
Served asset /microposts.css - 304 Not Modified (0ms)


Started GET "/assets/application.js?body=1" for 127.0.0.1 at 2012-03-07 16:42:57 -0700
Served asset /application.js - 304 Not Modified (0ms)
